<?xml version="1.0" encoding="UTF-8"?>
<testsuite name="com.example.unitscalculator.TimeTest" tests="4" skipped="0" failures="0" errors="0" timestamp="2022-02-22T11:29:12" hostname="LAPTOP-RMDFQPBF" time="0.176">
  <properties/>
  <testcase name="year_should_have_1461_days()" classname="com.example.unitscalculator.TimeTest" time="0.165"/>
  <testcase name="year_should_have_2103840_minutes()" classname="com.example.unitscalculator.TimeTest" time="0.002"/>
  <testcase name="year_should_have_126230400_seconds()" classname="com.example.unitscalculator.TimeTest" time="0.002"/>
  <testcase name="year_should_have_35064_hours()" classname="com.example.unitscalculator.TimeTest" time="0.002"/>
  <system-out><![CDATA[]]></system-out>
  <system-err><![CDATA[]]></system-err>
</testsuite>
